
Project Performance Summary:
      258 ms  D:\University\MSc\Advance Programming\Assignment\Repo\AP-Assignment\Pool Game v3.0\Pool Game.vcxproj   1 calls
                258 ms  Clean                                      1 calls

Target Performance Summary:
        0 ms  PrepareProjectReferences                   1 calls
        0 ms  AfterCppClean                              1 calls
        0 ms  BeforeCppClean                             1 calls
        0 ms  AfterClean                                 1 calls
        0 ms  CleanReferencedProjects                    1 calls
        0 ms  CppClean                                   1 calls
        0 ms  Clean                                      1 calls
        0 ms  _SplitProjectReferencesByFileExistence     1 calls
        0 ms  BeforeClean                                1 calls
        0 ms  _AddOutputPathToGlobalPropertiesToRemove   1 calls
        1 ms  CleanPublishFolder                         1 calls
        2 ms  PGInstrumentedClean                        1 calls
        3 ms  AssignProjectConfiguration                 1 calls
        6 ms  _PrepareForClean                           1 calls
       33 ms  _CheckForInvalidConfigurationAndPlatform   1 calls
       59 ms  CoreCppClean                               1 calls
       62 ms  CoreClean                                  1 calls
       90 ms  _GetProjectReferenceTargetFrameworkProperties   1 calls

Task Performance Summary:
        1 ms  MSBuild                                    1 calls
        1 ms  Message                                    2 calls
        1 ms  RemoveDuplicates                           1 calls
        2 ms  FindUnderPath                              2 calls
        2 ms  AssignProjectConfiguration                 1 calls
        3 ms  MakeDir                                    2 calls
        4 ms  ReadLinesFromFile                          1 calls
        6 ms  Delete                                     4 calls
       46 ms  CppClean                                   1 calls
       49 ms  WriteLinesToFile                           2 calls
