d:\university\msc\advance programming\assignment\repo\ap-assignment\pool game v3.0\debug\vc143.pdb
d:\university\msc\advance programming\assignment\repo\ap-assignment\pool game v3.0\debug\vc143.idb
d:\university\msc\advance programming\assignment\repo\ap-assignment\pool game v3.0\debug\stdafx.nativecodeanalysis.sarif
d:\university\msc\advance programming\assignment\repo\ap-assignment\pool game v3.0\debug\stdafx.nativecodeanalysis.xml
d:\university\msc\advance programming\assignment\repo\ap-assignment\pool game v3.0\debug\simulation.nativecodeanalysis.sarif
d:\university\msc\advance programming\assignment\repo\ap-assignment\pool game v3.0\debug\simulation.nativecodeanalysis.xml
d:\university\msc\advance programming\assignment\repo\ap-assignment\pool game v3.0\debug\pool game.nativecodeanalysis.sarif
d:\university\msc\advance programming\assignment\repo\ap-assignment\pool game v3.0\debug\pool game.nativecodeanalysis.xml
d:\university\msc\advance programming\assignment\repo\ap-assignment\pool game v3.0\debug\pool game.obj
d:\university\msc\advance programming\assignment\repo\ap-assignment\pool game v3.0\debug\simulation.obj
d:\university\msc\advance programming\assignment\repo\ap-assignment\pool game v3.0\debug\stdafx.obj
d:\university\msc\advance programming\assignment\repo\ap-assignment\pool game v3.0\debug\teams.nativecodeanalysis.sarif
d:\university\msc\advance programming\assignment\repo\ap-assignment\pool game v3.0\debug\teams.nativecodeanalysis.xml
d:\university\msc\advance programming\assignment\repo\ap-assignment\pool game v3.0\debug\teams.obj
d:\university\msc\advance programming\assignment\repo\ap-assignment\pool game v3.0\debug\pool game.exe
d:\university\msc\advance programming\assignment\repo\ap-assignment\pool game v3.0\debug\pool game.ilk
d:\university\msc\advance programming\assignment\repo\ap-assignment\pool game v3.0\debug\pool game.pdb
d:\university\msc\advance programming\assignment\repo\ap-assignment\pool game v3.0\debug\vc.nativecodeanalysis.all.xml
d:\university\msc\advance programming\assignment\repo\ap-assignment\pool game v3.0\debug\pool game.tlog\cl.command.1.tlog
d:\university\msc\advance programming\assignment\repo\ap-assignment\pool game v3.0\debug\pool game.tlog\cl.read.1.tlog
d:\university\msc\advance programming\assignment\repo\ap-assignment\pool game v3.0\debug\pool game.tlog\cl.write.1.tlog
d:\university\msc\advance programming\assignment\repo\ap-assignment\pool game v3.0\debug\pool game.tlog\link.command.1.tlog
d:\university\msc\advance programming\assignment\repo\ap-assignment\pool game v3.0\debug\pool game.tlog\link.read.1.tlog
d:\university\msc\advance programming\assignment\repo\ap-assignment\pool game v3.0\debug\pool game.tlog\link.write.1.tlog
